2.8196 	WARNING 	ExperimentHandler created with no dataFileName parameter. No data will be saved in the event of a crash
2.8322 	WARNING 	User requested fullscreen with size [800 600], but screen is actually [1470, 956]. Using actual size
4.0123 	WARNING 	Couldn't measure a consistent frame rate!
  - Is your graphics card set to sync to vertical blank?
  - Are you running other processes on your computer?

4.0127 	EXP 	Created window1 = Window(allowGUI=True, allowStencil=False, autoLog=True, backendConf=UNKNOWN, backgroundFit=<method-wrapper '__getattribute__' of attributeSetter object at 0x7f9313136100>, backgroundImage=<method-wrapper '__getattribute__' of attributeSetter object at 0x7f93131360a0>, bitsMode=UNKNOWN, blendMode='avg', bpc=(8, 8, 8), color=array([1, 1, 1]), colorSpace='rgb', depthBits=8, fullscr=<method-wrapper '__getattribute__' of attributeSetter object at 0x7f9313134e80>, gamma=None, gammaErrorPolicy='raise', infoMsg=UNKNOWN, lms=UNKNOWN, monitor=<psychopy.monitors.calibTools.Monitor object at 0x7f9312c59850>, multiSample=False, name='window1', numSamples=2, pos=[367.5, 239.0], screen=0, size=array([2940, 1912]), stencilBits=0, stereo=False, title='PsychoPy', units='norm', useFBO=True, useRetina=True, viewOri=0.0, viewPos=None, viewScale=None, waitBlanking=True, winType='pyglet')
4.0128 	EXP 	window1: backgroundImage = None
4.0128 	EXP 	window1: backgroundFit = 'cover'
4.0136 	EXP 	window1: mouseVisible = False
4.0140 	EXP 	window1: mouseVisible = False
4.0550 	EXP 	Created unnamed TextStim = TextStim(__class__=<class 'psychopy.visual.text.TextStim'>, alignHoriz=method-wrapper(...), alignText='center', alignVert=method-wrapper(...), anchorHoriz='center', anchorVert='center', antialias=True, autoDraw=False, autoLog=True, bold=False, color=array([-1., -1., -1.]), colorSpace='rgb', contrast=1.0, depth=0, draggable=False, flipHoriz=False, flipVert=False, font='DejaVu Sans', fontFiles=[], height=0.08, italic=False, languageStyle='LTR', name='unnamed TextStim', opacity=1.0, ori=0.0, pos=array([0., 0.]), rgb=UNKNOWN, text=str(...), units='norm', win=Window(...), wrapWidth=2352.0)
4.0551 	EXP 	window1: mouseVisible = False
4.0614 	EXP 	Created unnamed TextStim = TextStim(__class__=<class 'psychopy.visual.text.TextStim'>, alignHoriz=method-wrapper(...), alignText='center', alignVert=method-wrapper(...), anchorHoriz='center', anchorVert='center', antialias=True, autoDraw=False, autoLog=True, bold=False, color=array([-1., -1., -1.]), colorSpace='rgb', contrast=1.0, depth=0, draggable=False, flipHoriz=False, flipVert=False, font='DejaVu Sans', fontFiles=[], height=0.08, italic=False, languageStyle='LTR', name='unnamed TextStim', opacity=1.0, ori=0.0, pos=array([0., 0.]), rgb=UNKNOWN, text=str(...), units='norm', win=Window(...), wrapWidth=2352.0)
4.0614 	EXP 	window1: mouseVisible = False
4.0628 	EXP 	Created unnamed ImageStim = ImageStim(__class__=<class 'psychopy.visual.image.ImageStim'>, anchor=('center', 'center'), autoLog=True, color=array([1., 1., 1.]), colorSpace='rgb', contrast=1.0, depth=0, draggable=False, flipHoriz=False, flipVert=False, image=None, interpolate=False, mask=None, maskParams=None, name='unnamed ImageStim', opacity=1.0, ori=0.0, pos=array([0., 0.]), size=array([0.0588 , 0.06692]), texRes=128, units='norm', win=Window(...))
4.0628 	EXP 	window1: mouseVisible = False
4.0640 	EXP 	Created unnamed ImageStim = ImageStim(__class__=<class 'psychopy.visual.image.ImageStim'>, anchor=('center', 'center'), autoLog=True, color=array([1., 1., 1.]), colorSpace='rgb', contrast=1.0, depth=0, draggable=False, flipHoriz=False, flipVert=False, image=None, interpolate=False, mask=None, maskParams=None, name='unnamed ImageStim', opacity=1.0, ori=0.0, pos=array([0., 0.]), size=array([0.735 , 1.1472]), texRes=128, units='norm', win=Window(...))
4.0641 	EXP 	window1: mouseVisible = False
4.0666 	EXP 	Created unnamed TextStim = TextStim(__class__=<class 'psychopy.visual.text.TextStim'>, alignHoriz=method-wrapper(...), alignText='center', alignVert=method-wrapper(...), anchorHoriz='center', anchorVert='center', antialias=True, autoDraw=False, autoLog=True, bold=False, color=array([-1., -1., -1.]), colorSpace='rgb', contrast=1.0, depth=0, draggable=False, flipHoriz=False, flipVert=False, font='', fontFiles=[], height=0.08, italic=False, languageStyle='LTR', name='unnamed TextStim', opacity=1.0, ori=0.0, pos=array([0., 0.]), rgb=UNKNOWN, text='+', units='norm', win=Window(...), wrapWidth=2352.0)
4.0710 	WARNING 	t of last frame was 58.82ms (=1/17)
9.5497 	DATA 	Keypress: s
9.5660 	WARNING 	t of last frame was 5495.00ms (=1/0)
9.5660 	EXP 	unnamed TextStim: autoDraw = True
9.5831 	EXP 	unnamed TextStim: autoDraw = False
9.5831 	EXP 	unnamed TextStim: autoDraw = True
9.5831 	EXP 	unnamed ImageStim: image = '/Users/xiaoqianxiao/Documents/work/experiments/ANT/experiment_design/stimuli/symbolstarbig.bmp'
9.7875 	WARNING 	t of last frame was 204.36ms (=1/4)
9.7875 	EXP 	unnamed TextStim: autoDraw = False
9.7875 	EXP 	unnamed TextStim: autoDraw = True
10.0937 	WARNING 	t of last frame was 306.27ms (=1/3)
10.0937 	EXP 	unnamed TextStim: autoDraw = False
10.0937 	EXP 	unnamed TextStim: autoDraw = True
10.0937 	EXP 	unnamed ImageStim: image = '/Users/xiaoqianxiao/Documents/work/experiments/ANT/experiment_design/stimuli/rrrrr.bmp'
10.7528 	DATA 	Keypress: j
10.7570 	WARNING 	Multiple dropped frames have occurred - I'll stop bothering you about them!
10.7570 	EXP 	unnamed TextStim: autoDraw = False
10.7570 	EXP 	unnamed TextStim: autoDraw = True
14.5653 	EXP 	unnamed TextStim: autoDraw = False
14.5653 	EXP 	unnamed TextStim: autoDraw = True
14.5794 	EXP 	unnamed TextStim: autoDraw = False
14.5794 	EXP 	unnamed TextStim: autoDraw = True
14.5794 	EXP 	unnamed ImageStim: image = '/Users/xiaoqianxiao/Documents/work/experiments/ANT/experiment_design/stimuli/symbolstarbig.bmp'
14.7834 	EXP 	unnamed TextStim: autoDraw = False
14.7834 	EXP 	unnamed TextStim: autoDraw = True
19.5930 	EXP 	unnamed TextStim: autoDraw = False
19.5930 	EXP 	unnamed TextStim: autoDraw = True
19.5930 	EXP 	unnamed ImageStim: image = '/Users/xiaoqianxiao/Documents/work/experiments/ANT/experiment_design/stimuli/lllll.bmp'
20.3086 	DATA 	Keypress: f
20.3141 	EXP 	unnamed TextStim: autoDraw = False
20.3141 	EXP 	unnamed TextStim: autoDraw = True
22.8160 	EXP 	unnamed TextStim: autoDraw = False
22.8160 	EXP 	unnamed TextStim: autoDraw = True
22.8270 	EXP 	unnamed TextStim: autoDraw = False
22.8270 	EXP 	unnamed TextStim: autoDraw = True
22.8270 	EXP 	unnamed ImageStim: image = '/Users/xiaoqianxiao/Documents/work/experiments/ANT/experiment_design/stimuli/symbolstarbig.bmp'
23.0312 	EXP 	unnamed TextStim: autoDraw = False
23.0312 	EXP 	unnamed TextStim: autoDraw = True
23.3374 	EXP 	unnamed TextStim: autoDraw = False
23.3374 	EXP 	unnamed TextStim: autoDraw = True
23.3374 	EXP 	unnamed ImageStim: image = '/Users/xiaoqianxiao/Documents/work/experiments/ANT/experiment_design/stimuli/rrlrr.bmp'
24.0750 	DATA 	Keypress: f
24.0793 	EXP 	unnamed TextStim: autoDraw = False
24.0793 	EXP 	unnamed TextStim: autoDraw = True
26.5566 	EXP 	unnamed TextStim: autoDraw = False
26.5566 	EXP 	unnamed TextStim: autoDraw = True
26.5663 	EXP 	unnamed TextStim: autoDraw = False
26.5663 	EXP 	unnamed TextStim: autoDraw = True
26.5663 	EXP 	unnamed ImageStim: image = '/Users/xiaoqianxiao/Documents/work/experiments/ANT/experiment_design/stimuli/symbolstarbig.bmp'
26.7707 	EXP 	unnamed TextStim: autoDraw = False
26.7707 	EXP 	unnamed TextStim: autoDraw = True
28.3265 	EXP 	unnamed TextStim: autoDraw = False
28.3265 	EXP 	unnamed TextStim: autoDraw = True
28.3265 	EXP 	unnamed ImageStim: image = '/Users/xiaoqianxiao/Documents/work/experiments/ANT/experiment_design/stimuli/llrll.bmp'
28.9524 	DATA 	Keypress: j
28.9596 	EXP 	unnamed TextStim: autoDraw = False
28.9596 	EXP 	unnamed TextStim: autoDraw = True
32.0487 	EXP 	unnamed TextStim: autoDraw = False
32.0487 	EXP 	unnamed TextStim: autoDraw = True
32.0613 	EXP 	unnamed TextStim: autoDraw = False
32.0613 	EXP 	unnamed TextStim: autoDraw = True
32.0613 	EXP 	unnamed ImageStim: image = '/Users/xiaoqianxiao/Documents/work/experiments/ANT/experiment_design/stimuli/symbolstarbig.bmp'
32.2654 	EXP 	unnamed TextStim: autoDraw = False
32.2654 	EXP 	unnamed TextStim: autoDraw = True
33.0707 	EXP 	unnamed TextStim: autoDraw = False
33.0707 	EXP 	unnamed TextStim: autoDraw = True
33.0707 	EXP 	unnamed ImageStim: image = '/Users/xiaoqianxiao/Documents/work/experiments/ANT/experiment_design/stimuli/rrrrr.bmp'
33.5684 	DATA 	Keypress: j
33.5728 	EXP 	unnamed TextStim: autoDraw = False
33.5728 	EXP 	unnamed TextStim: autoDraw = True
37.5401 	EXP 	unnamed TextStim: autoDraw = False
37.5401 	EXP 	unnamed TextStim: autoDraw = True
37.5509 	EXP 	unnamed TextStim: autoDraw = False
37.5509 	EXP 	unnamed TextStim: autoDraw = True
37.5509 	EXP 	unnamed ImageStim: image = '/Users/xiaoqianxiao/Documents/work/experiments/ANT/experiment_design/stimuli/symbolstarbig.bmp'
37.7553 	EXP 	unnamed TextStim: autoDraw = False
37.7553 	EXP 	unnamed TextStim: autoDraw = True
40.0612 	EXP 	unnamed TextStim: autoDraw = False
40.0612 	EXP 	unnamed TextStim: autoDraw = True
40.0612 	EXP 	unnamed ImageStim: image = '/Users/xiaoqianxiao/Documents/work/experiments/ANT/experiment_design/stimuli/rrlrr.bmp'
40.6282 	DATA 	Keypress: f
40.6326 	EXP 	unnamed TextStim: autoDraw = False
40.6326 	EXP 	unnamed TextStim: autoDraw = True
43.5313 	EXP 	unnamed TextStim: autoDraw = False
43.5313 	EXP 	unnamed TextStim: autoDraw = True
43.5449 	EXP 	unnamed TextStim: autoDraw = False
43.5449 	EXP 	unnamed TextStim: autoDraw = True
43.5449 	EXP 	unnamed ImageStim: image = '/Users/xiaoqianxiao/Documents/work/experiments/ANT/experiment_design/stimuli/symbolstarbig.bmp'
43.7489 	EXP 	unnamed TextStim: autoDraw = False
43.7489 	EXP 	unnamed TextStim: autoDraw = True
44.5537 	EXP 	unnamed TextStim: autoDraw = False
44.5537 	EXP 	unnamed TextStim: autoDraw = True
44.5537 	EXP 	unnamed ImageStim: image = '/Users/xiaoqianxiao/Documents/work/experiments/ANT/experiment_design/stimuli/rrlrr.bmp'
45.2472 	DATA 	Keypress: f
45.2515 	EXP 	unnamed TextStim: autoDraw = False
45.2515 	EXP 	unnamed TextStim: autoDraw = True
48.5235 	EXP 	unnamed TextStim: autoDraw = False
48.5235 	EXP 	unnamed TextStim: autoDraw = True
48.5337 	EXP 	unnamed TextStim: autoDraw = False
48.5337 	EXP 	unnamed TextStim: autoDraw = True
48.5337 	EXP 	unnamed ImageStim: image = '/Users/xiaoqianxiao/Documents/work/experiments/ANT/experiment_design/stimuli/symbolstarbig.bmp'
48.7380 	EXP 	unnamed TextStim: autoDraw = False
48.7380 	EXP 	unnamed TextStim: autoDraw = True
55.2959 	EXP 	unnamed TextStim: autoDraw = False
55.2959 	EXP 	unnamed TextStim: autoDraw = True
55.2959 	EXP 	unnamed ImageStim: image = '/Users/xiaoqianxiao/Documents/work/experiments/ANT/experiment_design/stimuli/rrrrr.bmp'
55.8220 	DATA 	Keypress: j
55.8265 	EXP 	unnamed TextStim: autoDraw = False
55.8265 	EXP 	unnamed TextStim: autoDraw = True
70.2676 	EXP 	unnamed TextStim: autoDraw = False
70.2676 	EXP 	unnamed TextStim: autoDraw = True
70.2789 	EXP 	unnamed TextStim: autoDraw = False
70.2789 	EXP 	unnamed TextStim: autoDraw = True
70.2789 	EXP 	unnamed ImageStim: image = '/Users/xiaoqianxiao/Documents/work/experiments/ANT/experiment_design/stimuli/symbolstarbig.bmp'
70.4832 	EXP 	unnamed TextStim: autoDraw = False
70.4832 	EXP 	unnamed TextStim: autoDraw = True
72.0398 	EXP 	unnamed TextStim: autoDraw = False
72.0398 	EXP 	unnamed TextStim: autoDraw = True
72.0398 	EXP 	unnamed ImageStim: image = '/Users/xiaoqianxiao/Documents/work/experiments/ANT/experiment_design/stimuli/rrlrr.bmp'
72.5895 	DATA 	Keypress: f
72.5939 	EXP 	unnamed TextStim: autoDraw = False
72.5939 	EXP 	unnamed TextStim: autoDraw = True
82.0134 	EXP 	unnamed TextStim: autoDraw = False
82.0134 	EXP 	unnamed TextStim: autoDraw = True
82.0293 	EXP 	unnamed TextStim: autoDraw = False
82.0293 	EXP 	unnamed TextStim: autoDraw = True
82.0293 	EXP 	unnamed ImageStim: image = '/Users/xiaoqianxiao/Documents/work/experiments/ANT/experiment_design/stimuli/symbolstarbig.bmp'
82.2336 	EXP 	unnamed TextStim: autoDraw = False
82.2336 	EXP 	unnamed TextStim: autoDraw = True
83.2928 	EXP 	unnamed TextStim: autoDraw = False
83.2928 	EXP 	unnamed TextStim: autoDraw = True
83.2928 	EXP 	unnamed ImageStim: image = '/Users/xiaoqianxiao/Documents/work/experiments/ANT/experiment_design/stimuli/llrll.bmp'
83.8866 	DATA 	Keypress: j
83.8910 	EXP 	unnamed TextStim: autoDraw = False
83.8910 	EXP 	unnamed TextStim: autoDraw = True
88.2654 	EXP 	unnamed TextStim: autoDraw = False
88.2654 	EXP 	unnamed TextStim: autoDraw = True
88.2791 	EXP 	unnamed TextStim: autoDraw = False
88.2791 	EXP 	unnamed TextStim: autoDraw = True
88.2791 	EXP 	unnamed ImageStim: image = '/Users/xiaoqianxiao/Documents/work/experiments/ANT/experiment_design/stimuli/symbolstarbig.bmp'
88.4831 	EXP 	unnamed TextStim: autoDraw = False
88.4831 	EXP 	unnamed TextStim: autoDraw = True
89.0394 	EXP 	unnamed TextStim: autoDraw = False
89.0394 	EXP 	unnamed TextStim: autoDraw = True
89.0394 	EXP 	unnamed ImageStim: image = '/Users/xiaoqianxiao/Documents/work/experiments/ANT/experiment_design/stimuli/lllll.bmp'
89.6254 	DATA 	Keypress: f
89.6299 	EXP 	unnamed TextStim: autoDraw = False
89.6299 	EXP 	unnamed TextStim: autoDraw = True
97.0112 	EXP 	unnamed TextStim: autoDraw = False
97.0112 	EXP 	unnamed TextStim: autoDraw = True
97.0283 	EXP 	unnamed TextStim: autoDraw = False
97.0283 	EXP 	unnamed TextStim: autoDraw = True
97.0283 	EXP 	unnamed ImageStim: image = '/Users/xiaoqianxiao/Documents/work/experiments/ANT/experiment_design/stimuli/symbolstarbig.bmp'
97.2325 	EXP 	unnamed TextStim: autoDraw = False
97.2325 	EXP 	unnamed TextStim: autoDraw = True
102.0410 	EXP 	unnamed TextStim: autoDraw = False
102.0410 	EXP 	unnamed TextStim: autoDraw = True
102.0410 	EXP 	unnamed ImageStim: image = '/Users/xiaoqianxiao/Documents/work/experiments/ANT/experiment_design/stimuli/llrll.bmp'
102.9060 	DATA 	Keypress: j
102.9103 	EXP 	unnamed TextStim: autoDraw = False
102.9103 	EXP 	unnamed TextStim: autoDraw = True
108.5124 	EXP 	unnamed TextStim: autoDraw = False
108.5124 	EXP 	unnamed TextStim: autoDraw = True
108.5273 	EXP 	unnamed TextStim: autoDraw = False
108.5273 	EXP 	unnamed TextStim: autoDraw = True
108.5273 	EXP 	unnamed ImageStim: image = '/Users/xiaoqianxiao/Documents/work/experiments/ANT/experiment_design/stimuli/symbolstarbig.bmp'
108.7314 	EXP 	unnamed TextStim: autoDraw = False
108.7314 	EXP 	unnamed TextStim: autoDraw = True
111.0395 	EXP 	unnamed TextStim: autoDraw = False
111.0395 	EXP 	unnamed TextStim: autoDraw = True
111.0395 	EXP 	unnamed ImageStim: image = '/Users/xiaoqianxiao/Documents/work/experiments/ANT/experiment_design/stimuli/llrll.bmp'
112.2248 	DATA 	Keypress: j
112.2292 	EXP 	unnamed TextStim: autoDraw = False
112.2292 	EXP 	unnamed TextStim: autoDraw = True
121.0118 	EXP 	unnamed TextStim: autoDraw = False
121.0118 	EXP 	unnamed TextStim: autoDraw = True
121.0225 	EXP 	unnamed TextStim: autoDraw = False
121.0225 	EXP 	unnamed TextStim: autoDraw = True
121.0225 	EXP 	unnamed ImageStim: image = '/Users/xiaoqianxiao/Documents/work/experiments/ANT/experiment_design/stimuli/symbolstarbig.bmp'
121.2270 	EXP 	unnamed TextStim: autoDraw = False
121.2270 	EXP 	unnamed TextStim: autoDraw = True
127.7843 	EXP 	unnamed TextStim: autoDraw = False
127.7843 	EXP 	unnamed TextStim: autoDraw = True
127.7843 	EXP 	unnamed ImageStim: image = '/Users/xiaoqianxiao/Documents/work/experiments/ANT/experiment_design/stimuli/rrrrr.bmp'
128.2893 	DATA 	Keypress: j
128.2937 	EXP 	unnamed TextStim: autoDraw = False
128.2937 	EXP 	unnamed TextStim: autoDraw = True
132.7560 	EXP 	unnamed TextStim: autoDraw = False
132.7560 	EXP 	unnamed TextStim: autoDraw = True
132.7666 	EXP 	unnamed TextStim: autoDraw = False
132.7666 	EXP 	unnamed TextStim: autoDraw = True
132.7666 	EXP 	unnamed ImageStim: image = '/Users/xiaoqianxiao/Documents/work/experiments/ANT/experiment_design/stimuli/symbolstarbig.bmp'
132.9707 	EXP 	unnamed TextStim: autoDraw = False
132.9707 	EXP 	unnamed TextStim: autoDraw = True
133.7759 	EXP 	unnamed TextStim: autoDraw = False
133.7759 	EXP 	unnamed TextStim: autoDraw = True
133.7759 	EXP 	unnamed ImageStim: image = '/Users/xiaoqianxiao/Documents/work/experiments/ANT/experiment_design/stimuli/llrll.bmp'
134.4042 	DATA 	Keypress: j
134.4086 	EXP 	unnamed TextStim: autoDraw = False
134.4086 	EXP 	unnamed TextStim: autoDraw = True
138.2477 	EXP 	unnamed TextStim: autoDraw = False
138.2477 	EXP 	unnamed TextStim: autoDraw = True
138.2603 	EXP 	unnamed TextStim: autoDraw = False
138.2603 	EXP 	unnamed TextStim: autoDraw = True
138.2603 	EXP 	unnamed ImageStim: image = '/Users/xiaoqianxiao/Documents/work/experiments/ANT/experiment_design/stimuli/symbolstarbig.bmp'
138.4646 	EXP 	unnamed TextStim: autoDraw = False
138.4646 	EXP 	unnamed TextStim: autoDraw = True
140.7735 	EXP 	unnamed TextStim: autoDraw = False
140.7735 	EXP 	unnamed TextStim: autoDraw = True
140.7735 	EXP 	unnamed ImageStim: image = '/Users/xiaoqianxiao/Documents/work/experiments/ANT/experiment_design/stimuli/rrlrr.bmp'
141.3972 	DATA 	Keypress: f
141.4016 	EXP 	unnamed TextStim: autoDraw = False
141.4016 	EXP 	unnamed TextStim: autoDraw = True
143.7436 	EXP 	unnamed TextStim: autoDraw = False
143.7436 	EXP 	unnamed TextStim: autoDraw = True
143.7534 	EXP 	unnamed TextStim: autoDraw = False
143.7534 	EXP 	unnamed TextStim: autoDraw = True
143.7534 	EXP 	unnamed ImageStim: image = '/Users/xiaoqianxiao/Documents/work/experiments/ANT/experiment_design/stimuli/symbolstarbig.bmp'
143.9577 	EXP 	unnamed TextStim: autoDraw = False
143.9577 	EXP 	unnamed TextStim: autoDraw = True
144.2642 	EXP 	unnamed TextStim: autoDraw = False
144.2642 	EXP 	unnamed TextStim: autoDraw = True
144.2642 	EXP 	unnamed ImageStim: image = '/Users/xiaoqianxiao/Documents/work/experiments/ANT/experiment_design/stimuli/lllll.bmp'
144.8334 	DATA 	Keypress: f
144.8384 	EXP 	unnamed TextStim: autoDraw = False
144.8384 	EXP 	unnamed TextStim: autoDraw = True
159.2357 	EXP 	unnamed TextStim: autoDraw = False
159.2357 	EXP 	unnamed TextStim: autoDraw = True
159.2462 	EXP 	unnamed TextStim: autoDraw = False
159.2462 	EXP 	unnamed TextStim: autoDraw = True
159.2462 	EXP 	unnamed ImageStim: image = '/Users/xiaoqianxiao/Documents/work/experiments/ANT/experiment_design/stimuli/symbolstarbig.bmp'
159.4505 	EXP 	unnamed TextStim: autoDraw = False
159.4505 	EXP 	unnamed TextStim: autoDraw = True
160.2555 	EXP 	unnamed TextStim: autoDraw = False
160.2555 	EXP 	unnamed TextStim: autoDraw = True
160.2555 	EXP 	unnamed ImageStim: image = '/Users/xiaoqianxiao/Documents/work/experiments/ANT/experiment_design/stimuli/rrrrr.bmp'
160.7937 	DATA 	Keypress: j
160.7984 	EXP 	unnamed TextStim: autoDraw = False
160.7984 	EXP 	unnamed TextStim: autoDraw = True
164.7258 	EXP 	unnamed TextStim: autoDraw = False
164.7258 	EXP 	unnamed TextStim: autoDraw = True
164.7356 	EXP 	unnamed TextStim: autoDraw = False
164.7356 	EXP 	unnamed TextStim: autoDraw = True
164.7356 	EXP 	unnamed ImageStim: image = '/Users/xiaoqianxiao/Documents/work/experiments/ANT/experiment_design/stimuli/symbolstarbig.bmp'
164.9400 	EXP 	unnamed TextStim: autoDraw = False
164.9400 	EXP 	unnamed TextStim: autoDraw = True
176.7470 	EXP 	unnamed TextStim: autoDraw = False
176.7470 	EXP 	unnamed TextStim: autoDraw = True
176.7470 	EXP 	unnamed ImageStim: image = '/Users/xiaoqianxiao/Documents/work/experiments/ANT/experiment_design/stimuli/rrrrr.bmp'
177.3194 	DATA 	Keypress: j
177.3239 	EXP 	unnamed TextStim: autoDraw = False
177.3239 	EXP 	unnamed TextStim: autoDraw = True
179.7193 	EXP 	unnamed TextStim: autoDraw = False
179.7193 	EXP 	unnamed TextStim: autoDraw = True
179.7268 	EXP 	unnamed TextStim: autoDraw = False
179.7268 	EXP 	unnamed TextStim: autoDraw = True
179.7268 	EXP 	unnamed ImageStim: image = '/Users/xiaoqianxiao/Documents/work/experiments/ANT/experiment_design/stimuli/symbolstarbig.bmp'
179.9303 	EXP 	unnamed TextStim: autoDraw = False
179.9303 	EXP 	unnamed TextStim: autoDraw = True
191.7386 	EXP 	unnamed TextStim: autoDraw = False
191.7386 	EXP 	unnamed TextStim: autoDraw = True
191.7386 	EXP 	unnamed ImageStim: image = '/Users/xiaoqianxiao/Documents/work/experiments/ANT/experiment_design/stimuli/llrll.bmp'
192.3248 	DATA 	Keypress: j
192.3293 	EXP 	unnamed TextStim: autoDraw = False
192.3293 	EXP 	unnamed TextStim: autoDraw = True
194.7108 	EXP 	unnamed TextStim: autoDraw = False
194.7108 	EXP 	unnamed TextStim: autoDraw = True
194.7208 	EXP 	unnamed TextStim: autoDraw = False
194.7208 	EXP 	unnamed TextStim: autoDraw = True
194.7208 	EXP 	unnamed ImageStim: image = '/Users/xiaoqianxiao/Documents/work/experiments/ANT/experiment_design/stimuli/symbolstarbig.bmp'
194.9248 	EXP 	unnamed TextStim: autoDraw = False
194.9248 	EXP 	unnamed TextStim: autoDraw = True
206.7336 	EXP 	unnamed TextStim: autoDraw = False
206.7336 	EXP 	unnamed TextStim: autoDraw = True
206.7336 	EXP 	unnamed ImageStim: image = '/Users/xiaoqianxiao/Documents/work/experiments/ANT/experiment_design/stimuli/llrll.bmp'
207.3067 	DATA 	Keypress: j
207.3112 	EXP 	unnamed TextStim: autoDraw = False
207.3112 	EXP 	unnamed TextStim: autoDraw = True
209.7059 	EXP 	unnamed TextStim: autoDraw = False
209.7059 	EXP 	unnamed TextStim: autoDraw = True
209.7108 	EXP 	unnamed TextStim: autoDraw = False
209.7108 	EXP 	unnamed TextStim: autoDraw = True
209.7108 	EXP 	unnamed ImageStim: image = '/Users/xiaoqianxiao/Documents/work/experiments/ANT/experiment_design/stimuli/symbolstarbig.bmp'
209.9152 	EXP 	unnamed TextStim: autoDraw = False
209.9152 	EXP 	unnamed TextStim: autoDraw = True
210.2204 	EXP 	unnamed TextStim: autoDraw = False
210.2204 	EXP 	unnamed TextStim: autoDraw = True
210.2204 	EXP 	unnamed ImageStim: image = '/Users/xiaoqianxiao/Documents/work/experiments/ANT/experiment_design/stimuli/rrlrr.bmp'
210.9037 	DATA 	Keypress: f
210.9079 	EXP 	unnamed TextStim: autoDraw = False
210.9079 	EXP 	unnamed TextStim: autoDraw = True
213.4417 	EXP 	unnamed TextStim: autoDraw = False
213.4417 	EXP 	unnamed TextStim: autoDraw = True
213.4516 	EXP 	unnamed TextStim: autoDraw = False
213.4516 	EXP 	unnamed TextStim: autoDraw = True
213.4516 	EXP 	unnamed ImageStim: image = '/Users/xiaoqianxiao/Documents/work/experiments/ANT/experiment_design/stimuli/symbolstarbig.bmp'
213.6557 	EXP 	unnamed TextStim: autoDraw = False
213.6557 	EXP 	unnamed TextStim: autoDraw = True
214.7127 	EXP 	unnamed TextStim: autoDraw = False
214.7127 	EXP 	unnamed TextStim: autoDraw = True
214.7127 	EXP 	unnamed ImageStim: image = '/Users/xiaoqianxiao/Documents/work/experiments/ANT/experiment_design/stimuli/rrlrr.bmp'
215.1544 	DATA 	Keypress: j
215.1589 	EXP 	unnamed TextStim: autoDraw = False
215.1589 	EXP 	unnamed TextStim: autoDraw = True
219.6828 	EXP 	unnamed TextStim: autoDraw = False
220.2969 	EXP 	window1: mouseVisible = True
225.1609 	WARNING 	ExperimentHandler created with no dataFileName parameter. No data will be saved in the event of a crash
225.1817 	WARNING 	User requested fullscreen with size [800 600], but screen is actually [1470, 956]. Using actual size
226.3713 	WARNING 	Couldn't measure a consistent frame rate!
  - Is your graphics card set to sync to vertical blank?
  - Are you running other processes on your computer?

226.3716 	EXP 	Created window1 = Window(allowGUI=True, allowStencil=False, autoLog=True, backendConf=UNKNOWN, backgroundFit=<method-wrapper '__getattribute__' of attributeSetter object at 0x7fb2226021f0>, backgroundImage=<method-wrapper '__getattribute__' of attributeSetter object at 0x7fb222602190>, bitsMode=UNKNOWN, blendMode='avg', bpc=(8, 8, 8), color=array([1, 1, 1]), colorSpace='rgb', depthBits=8, fullscr=<method-wrapper '__getattribute__' of attributeSetter object at 0x7fb2224f6fa0>, gamma=None, gammaErrorPolicy='raise', infoMsg=UNKNOWN, lms=UNKNOWN, monitor=<psychopy.monitors.calibTools.Monitor object at 0x7fb221f7a940>, multiSample=False, name='window1', numSamples=2, pos=[367.5, 239.0], screen=0, size=array([2940, 1912]), stencilBits=0, stereo=False, title='PsychoPy', units='norm', useFBO=True, useRetina=True, viewOri=0.0, viewPos=None, viewScale=None, waitBlanking=True, winType='pyglet')
226.3717 	EXP 	window1: backgroundImage = None
226.3717 	EXP 	window1: backgroundFit = 'cover'
226.3724 	EXP 	window1: mouseVisible = False
226.3728 	EXP 	window1: mouseVisible = False
226.4150 	EXP 	Created unnamed TextStim = TextStim(__class__=<class 'psychopy.visual.text.TextStim'>, alignHoriz=method-wrapper(...), alignText='center', alignVert=method-wrapper(...), anchorHoriz='center', anchorVert='center', antialias=True, autoDraw=False, autoLog=True, bold=False, color=array([-1., -1., -1.]), colorSpace='rgb', contrast=1.0, depth=0, draggable=False, flipHoriz=False, flipVert=False, font='DejaVu Sans', fontFiles=[], height=0.08, italic=False, languageStyle='LTR', name='unnamed TextStim', opacity=1.0, ori=0.0, pos=array([0., 0.]), rgb=UNKNOWN, text=str(...), units='norm', win=Window(...), wrapWidth=2352.0)
226.4151 	EXP 	window1: mouseVisible = False
226.4213 	EXP 	Created unnamed TextStim = TextStim(__class__=<class 'psychopy.visual.text.TextStim'>, alignHoriz=method-wrapper(...), alignText='center', alignVert=method-wrapper(...), anchorHoriz='center', anchorVert='center', antialias=True, autoDraw=False, autoLog=True, bold=False, color=array([-1., -1., -1.]), colorSpace='rgb', contrast=1.0, depth=0, draggable=False, flipHoriz=False, flipVert=False, font='DejaVu Sans', fontFiles=[], height=0.08, italic=False, languageStyle='LTR', name='unnamed TextStim', opacity=1.0, ori=0.0, pos=array([0., 0.]), rgb=UNKNOWN, text=str(...), units='norm', win=Window(...), wrapWidth=2352.0)
226.4214 	EXP 	window1: mouseVisible = False
226.4228 	EXP 	Created unnamed ImageStim = ImageStim(__class__=<class 'psychopy.visual.image.ImageStim'>, anchor=('center', 'center'), autoLog=True, color=array([1., 1., 1.]), colorSpace='rgb', contrast=1.0, depth=0, draggable=False, flipHoriz=False, flipVert=False, image=None, interpolate=False, mask=None, maskParams=None, name='unnamed ImageStim', opacity=1.0, ori=0.0, pos=array([0., 0.]), size=array([0.0588 , 0.06692]), texRes=128, units='norm', win=Window(...))
226.4228 	EXP 	window1: mouseVisible = False
226.4240 	EXP 	Created unnamed ImageStim = ImageStim(__class__=<class 'psychopy.visual.image.ImageStim'>, anchor=('center', 'center'), autoLog=True, color=array([1., 1., 1.]), colorSpace='rgb', contrast=1.0, depth=0, draggable=False, flipHoriz=False, flipVert=False, image=None, interpolate=False, mask=None, maskParams=None, name='unnamed ImageStim', opacity=1.0, ori=0.0, pos=array([0., 0.]), size=array([0.735 , 1.1472]), texRes=128, units='norm', win=Window(...))
226.4240 	EXP 	window1: mouseVisible = False
226.4267 	EXP 	Created unnamed TextStim = TextStim(__class__=<class 'psychopy.visual.text.TextStim'>, alignHoriz=method-wrapper(...), alignText='center', alignVert=method-wrapper(...), anchorHoriz='center', anchorVert='center', antialias=True, autoDraw=False, autoLog=True, bold=False, color=array([-1., -1., -1.]), colorSpace='rgb', contrast=1.0, depth=0, draggable=False, flipHoriz=False, flipVert=False, font='', fontFiles=[], height=0.08, italic=False, languageStyle='LTR', name='unnamed TextStim', opacity=1.0, ori=0.0, pos=array([0., 0.]), rgb=UNKNOWN, text='+', units='norm', win=Window(...), wrapWidth=2352.0)
226.4311 	WARNING 	t of last frame was 59.89ms (=1/16)
227.5840 	DATA 	Keypress: escape
230.3376 	DATA 	Keypress: escape
231.7187 	DATA 	Keypress: s
231.7336 	WARNING 	t of last frame was 5302.55ms (=1/0)
231.7336 	EXP 	unnamed TextStim: autoDraw = True
231.7504 	EXP 	unnamed TextStim: autoDraw = False
231.7504 	EXP 	unnamed TextStim: autoDraw = True
231.7504 	EXP 	unnamed ImageStim: image = '/Users/xiaoqianxiao/Documents/work/experiments/ANT/experiment_design/stimuli/symbolstarbig.bmp'
231.9546 	WARNING 	t of last frame was 204.19ms (=1/4)
231.9546 	EXP 	unnamed TextStim: autoDraw = False
231.9546 	EXP 	unnamed TextStim: autoDraw = True
243.7641 	WARNING 	t of last frame was 11809.50ms (=1/0)
243.7641 	EXP 	unnamed TextStim: autoDraw = False
243.7641 	EXP 	unnamed TextStim: autoDraw = True
243.7641 	EXP 	unnamed ImageStim: image = '/Users/xiaoqianxiao/Documents/work/experiments/ANT/experiment_design/stimuli/lllll.bmp'
245.0266 	DATA 	Keypress: escape
245.1423 	EXP 	window1: mouseVisible = True
